<?xml version="1.0" encoding="UTF-8"?>
<!-- Generated by org.testng.reporters.JUnitXMLReporter -->
<testsuite ignored="2" hostname="pavanis-Air" failures="0" tests="1" name="Default test" time="14.567" errors="0" timestamp="16 Sep 2021 19:34:45 GMT">
  <testcase classname="com.crm.qa.testcases.HomePageTest" name="validateHomePageTitleTest" time="0.03"/>
  <testcase classname="com.crm.qa.testcases.HomePageTest" name="ContactsLinkTest" time="0.0">
    <ignored/>
  </testcase> <!-- ContactsLinkTest -->
  <testcase classname="com.crm.qa.testcases.HomePageTest" name="VerifyusernameTest" time="0.0">
    <ignored/>
  </testcase> <!-- VerifyusernameTest -->
</testsuite> <!-- Default test -->
