<?xml version="1.0" encoding="UTF-8"?>
<!-- Generated by org.testng.reporters.JUnitXMLReporter -->
<testsuite ignored="0" hostname="pavanis-Air" failures="0" tests="12" name="Test" time="177.278" errors="0" timestamp="02 Sep 2021 04:31:26 GMT">
  <testcase classname="com.crm.qa.testcases.ContactsPageTest" name="verfiyContactTest" time="0.066"/>
  <testcase classname="com.crm.qa.testcases.HomePageTest" name="validateHomePageTitleTest" time="0.029"/>
  <testcase classname="com.crm.qa.testcases.LoginPageTest" name="LoginPageTitleTest" time="0.159"/>
  <testcase classname="com.crm.qa.testcases.DealsPageTest" name="verifyDealsLabelTest" time="0.072"/>
  <testcase classname="com.crm.qa.testcases.ContactsPageTest" name="selectContactNameTest" time="0.059"/>
  <testcase classname="com.crm.qa.testcases.HomePageTest" name="VerifyusernameTest" time="0.101"/>
  <testcase classname="com.crm.qa.testcases.LoginPageTest" name="LoginTest" time="9.074"/>
  <testcase classname="com.crm.qa.testcases.DealsPageTest" name="verifyDealIdTest" time="2.816"/>
  <testcase classname="com.crm.qa.testcases.ContactsPageTest" name="CreateNewContactsTest" time="4.528"/>
  <testcase classname="com.crm.qa.testcases.ContactsPageTest" name="CreateNewContactsTest" time="4.534"/>
  <testcase classname="com.crm.qa.testcases.ContactsPageTest" name="CreateNewContactsTest" time="4.496"/>
  <testcase classname="com.crm.qa.testcases.HomePageTest" name="ContactsLinkTest" time="0.661"/>
</testsuite> <!-- Test -->
