<?xml version="1.0" encoding="UTF-8"?>
<!-- Generated by org.testng.reporters.JUnitXMLReporter -->
<testsuite ignored="0" hostname="pavanis-Air" failures="0" tests="12" name="Command line test" time="177.118" errors="0" timestamp="18 Sep 2021 20:06:16 GMT">
  <testcase classname="com.crm.qa.testcases.ContactsPageTest" name="verfiyContactTest" time="0.06"/>
  <testcase classname="com.crm.qa.testcases.DealsPageTest" name="verifyDealsLabelTest" time="0.118"/>
  <testcase classname="com.crm.qa.testcases.HomePageTest" name="validateHomePageTitleTest" time="0.02"/>
  <testcase classname="com.crm.qa.testcases.LoginPageTest" name="LoginPageTitleTest" time="0.138"/>
  <testcase classname="com.crm.qa.testcases.ContactsPageTest" name="selectContactNameTest" time="0.105"/>
  <testcase classname="com.crm.qa.testcases.HomePageTest" name="VerifyusernameTest" time="0.121"/>
  <testcase classname="com.crm.qa.testcases.LoginPageTest" name="LoginTest" time="8.687"/>
  <testcase classname="com.crm.qa.testcases.DealsPageTest" name="verifyDealIdTest" time="2.744"/>
  <testcase classname="com.crm.qa.testcases.ContactsPageTest" name="CreateNewContactsTest" time="4.613"/>
  <testcase classname="com.crm.qa.testcases.ContactsPageTest" name="CreateNewContactsTest" time="4.405"/>
  <testcase classname="com.crm.qa.testcases.ContactsPageTest" name="CreateNewContactsTest" time="4.388"/>
  <testcase classname="com.crm.qa.testcases.HomePageTest" name="ContactsLinkTest" time="0.594"/>
</testsuite> <!-- Command line test -->
