<?xml version="1.0" encoding="UTF-8"?>
<testng-results ignored="2" total="3" passed="1" failed="0" skipped="0">
  <reporter-output>
  </reporter-output>
  <suite started-at="2021-09-16T19:34:30Z" name="Default suite" finished-at="2021-09-16T19:34:45Z" duration-ms="14567">
    <groups>
    </groups>
    <test started-at="2021-09-16T19:34:30Z" name="Default test" finished-at="2021-09-16T19:34:45Z" duration-ms="14567">
      <class name="com.crm.qa.testcases.HomePageTest">
        <test-method is-config="true" signature="setup()[pri:0, instance:com.crm.qa.testcases.HomePageTest@6ee4d9ab]" started-at="2021-09-16T14:34:30Z" name="setup" finished-at="2021-09-16T14:34:45Z" duration-ms="14436" status="PASS">
          <reporter-output>
          </reporter-output>
        </test-method> <!-- setup -->
        <test-method signature="validateHomePageTitleTest()[pri:1, instance:com.crm.qa.testcases.HomePageTest@6ee4d9ab]" started-at="2021-09-16T14:34:45Z" name="validateHomePageTitleTest" finished-at="2021-09-16T14:34:45Z" duration-ms="30" status="PASS">
          <reporter-output>
          </reporter-output>
        </test-method> <!-- validateHomePageTitleTest -->
        <test-method is-config="true" signature="ClosingBrowser()[pri:0, instance:com.crm.qa.testcases.HomePageTest@6ee4d9ab]" started-at="2021-09-16T14:34:45Z" name="ClosingBrowser" finished-at="2021-09-16T14:34:45Z" duration-ms="87" status="PASS">
          <reporter-output>
          </reporter-output>
        </test-method> <!-- ClosingBrowser -->
      </class> <!-- com.crm.qa.testcases.HomePageTest -->
    </test> <!-- Default test -->
  </suite> <!-- Default suite -->
</testng-results>
